[2024-06-25 04:21:03] merlin-logger.DEBUG: The welcome step has been displayed [] []
[2024-06-25 04:21:07] merlin-logger.DEBUG: The demo select step has been displayed [] []
[2024-06-25 04:21:09] merlin-logger.DEBUG: The plugin installation step has been displayed [] []
[2024-06-25 04:21:28] merlin-logger.DEBUG: A plugin with the following data will be processed {"plugin_slug":"buddypress","message":"Installing"} []
[2024-06-25 04:21:35] merlin-logger.DEBUG: A plugin with the following data was processed {"plugin_slug":"buddypress"} []
[2024-06-25 04:21:35] merlin-logger.DEBUG: A plugin with the following data will be processed {"plugin_slug":"envato-market","message":"Installing"} []
[2024-06-25 04:21:39] merlin-logger.DEBUG: A plugin with the following data was processed {"plugin_slug":"envato-market"} []
[2024-06-25 04:21:39] merlin-logger.DEBUG: A plugin with the following data will be processed {"plugin_slug":"grimlock","message":"Installing"} []
[2024-06-25 04:21:45] merlin-logger.DEBUG: A plugin with the following data was processed {"plugin_slug":"grimlock"} []
[2024-06-25 04:21:46] merlin-logger.DEBUG: A plugin with the following data will be processed {"plugin_slug":"grimlock-buddypress","message":"Installing"} []
[2024-06-25 04:21:52] merlin-logger.DEBUG: A plugin with the following data was processed {"plugin_slug":"grimlock-buddypress"} []
[2024-06-25 04:21:53] merlin-logger.DEBUG: A plugin with the following data will be processed {"plugin_slug":"kirki","message":"Installing"} []
[2024-06-25 04:22:01] merlin-logger.DEBUG: A plugin with the following data was processed {"plugin_slug":"kirki"} []
[2024-06-25 04:22:02] merlin-logger.DEBUG: A plugin with the following data will be processed {"plugin_slug":"grimlock-animate","message":"Installing"} []
[2024-06-25 04:22:09] merlin-logger.DEBUG: A plugin with the following data was processed {"plugin_slug":"grimlock-animate"} []
[2024-06-25 04:22:10] merlin-logger.DEBUG: A plugin with the following data will be processed {"plugin_slug":"grimlock-login","message":"Installing"} []
[2024-06-25 04:22:17] merlin-logger.DEBUG: A plugin with the following data was processed {"plugin_slug":"grimlock-login"} []
[2024-06-25 04:22:17] merlin-logger.DEBUG: A plugin with the following data will be processed {"plugin_slug":"grimlock-author-avatars","message":"Installing"} []
[2024-06-25 04:22:23] merlin-logger.DEBUG: A plugin with the following data was processed {"plugin_slug":"grimlock-author-avatars"} []
[2024-06-25 04:22:29] merlin-logger.DEBUG: The content import step has been displayed [] []
[2024-06-25 04:22:34] merlin-logger.DEBUG: The final step has been displayed [] []
